This file contains any messages produced by compilers while
running configure, to aid debugging if configure makes a mistake.

It was created by gOpenMol configure 3.00, which was
generated by GNU Autoconf 2.57.  Invocation command line was

  $ ./configure --x-libraries=/opt/X11/lib/ --x-includes=/opt/X11/include/

## --------- ##
## Platform. ##
## --------- ##

hostname = kaismbpro.ktd.local
uname -m = x86_64
uname -r = 14.3.0
uname -s = Darwin
uname -v = Darwin Kernel Version 14.3.0: Mon Mar 23 11:59:05 PDT 2015; root:xnu-2782.20.48~5/RELEASE_X86_64

/usr/bin/uname -p = i386
/bin/uname -X     = unknown

/bin/arch              = unknown
/usr/bin/arch -k       = unknown
/usr/convex/getsysinfo = unknown
hostinfo               = Mach kernel version:
	 Darwin Kernel Version 14.3.0: Mon Mar 23 11:59:05 PDT 2015; root:xnu-2782.20.48~5/RELEASE_X86_64
Kernel configured for up to 8 processors.
4 processors are physically available.
8 processors are logically available.
Processor type: x86_64h (Intel x86-64h Haswell)
Processors active: 0 1 2 3 4 5 6 7
Primary memory available: 16.00 gigabytes
Default processor set: 257 tasks, 1233 threads, 8 processors
Load average: 2.13, Mach factor: 5.86
/bin/machine           = unknown
/usr/bin/oslevel       = unknown
/bin/universe          = unknown

PATH: /usr/local/bin
PATH: /usr/bin
PATH: /bin
PATH: /usr/sbin
PATH: /sbin
PATH: /opt/X11/bin
PATH: /usr/local/git/bin
PATH: /usr/texbin
PATH: /Library/Java/JavaVirtualMachines/jdk1.8.0_25.jdk/Contents/Home//bin
PATH: /usr/local/share/apache-maven-3.2.3//bin


## ----------- ##
## Core tests. ##
## ----------- ##

configure:1766: checking for g++
configure:1782: found /usr/bin/g++
configure:1792: result: g++
configure:1808: checking for C++ compiler version
configure:1811: g++ --version </dev/null >&5
Configured with: --prefix=/Applications/Xcode.app/Contents/Developer/usr --with-gxx-include-dir=/Applications/Xcode.app/Contents/Developer/Platforms/MacOSX.platform/Developer/SDKs/MacOSX10.10.sdk/usr/include/c++/4.2.1
Apple LLVM version 6.1.0 (clang-602.0.53) (based on LLVM 3.6.0svn)
Target: x86_64-apple-darwin14.3.0
Thread model: posix
configure:1814: $? = 0
configure:1816: g++ -v </dev/null >&5
Configured with: --prefix=/Applications/Xcode.app/Contents/Developer/usr --with-gxx-include-dir=/Applications/Xcode.app/Contents/Developer/Platforms/MacOSX.platform/Developer/SDKs/MacOSX10.10.sdk/usr/include/c++/4.2.1
Apple LLVM version 6.1.0 (clang-602.0.53) (based on LLVM 3.6.0svn)
Target: x86_64-apple-darwin14.3.0
Thread model: posix
configure:1819: $? = 0
configure:1821: g++ -V </dev/null >&5
clang: error: argument to '-V' is missing (expected 1 value)
clang: error: no input files
configure:1824: $? = 1
configure:1848: checking for C++ compiler default output
configure:1851: g++    conftest.cc  >&5
configure:1854: $? = 0
configure:1900: result: a.out
configure:1905: checking whether the C++ compiler works
configure:1911: ./a.out
configure:1914: $? = 0
configure:1931: result: yes
configure:1938: checking whether we are cross compiling
configure:1940: result: no
configure:1943: checking for suffix of executables
configure:1945: g++ -o conftest    conftest.cc  >&5
configure:1948: $? = 0
configure:1973: result: 
configure:1979: checking for suffix of object files
configure:2001: g++ -c   conftest.cc >&5
configure:2004: $? = 0
configure:2026: result: o
configure:2030: checking whether we are using the GNU C++ compiler
configure:2055: g++ -c   conftest.cc >&5
configure:2058: $? = 0
configure:2061: test -s conftest.o
configure:2064: $? = 0
configure:2077: result: yes
configure:2083: checking whether g++ accepts -g
configure:2105: g++ -c -g  conftest.cc >&5
configure:2108: $? = 0
configure:2111: test -s conftest.o
configure:2114: $? = 0
configure:2125: result: yes
configure:2169: g++ -c -g -O2  conftest.cc >&5
configure:2172: $? = 0
configure:2175: test -s conftest.o
configure:2178: $? = 0
configure:2205: g++ -c -g -O2  conftest.cc >&5
configure:2200:1: error: use of undeclared identifier 'exit'
exit (42);
^
1 error generated.
configure:2208: $? = 1
configure: failed program was:
| #line 2188 "configure"
| /* confdefs.h.  */
| 
| #define PACKAGE_NAME "gOpenMol"
| #define PACKAGE_TARNAME "gopenmol"
| #define PACKAGE_VERSION "3.00"
| #define PACKAGE_STRING "gOpenMol 3.00"
| #define PACKAGE_BUGREPORT ""
| /* end confdefs.h.  */
| 
| int
| main ()
| {
| exit (42);
|   ;
|   return 0;
| }
configure:2169: g++ -c -g -O2  conftest.cc >&5
configure:2172: $? = 0
configure:2175: test -s conftest.o
configure:2178: $? = 0
configure:2205: g++ -c -g -O2  conftest.cc >&5
configure:2208: $? = 0
configure:2211: test -s conftest.o
configure:2214: $? = 0
configure:2283: checking for gcc
configure:2299: found /usr/bin/gcc
configure:2309: result: gcc
configure:2553: checking for C compiler version
configure:2556: gcc --version </dev/null >&5
Configured with: --prefix=/Applications/Xcode.app/Contents/Developer/usr --with-gxx-include-dir=/Applications/Xcode.app/Contents/Developer/Platforms/MacOSX.platform/Developer/SDKs/MacOSX10.10.sdk/usr/include/c++/4.2.1
Apple LLVM version 6.1.0 (clang-602.0.53) (based on LLVM 3.6.0svn)
Target: x86_64-apple-darwin14.3.0
Thread model: posix
configure:2559: $? = 0
configure:2561: gcc -v </dev/null >&5
Configured with: --prefix=/Applications/Xcode.app/Contents/Developer/usr --with-gxx-include-dir=/Applications/Xcode.app/Contents/Developer/Platforms/MacOSX.platform/Developer/SDKs/MacOSX10.10.sdk/usr/include/c++/4.2.1
Apple LLVM version 6.1.0 (clang-602.0.53) (based on LLVM 3.6.0svn)
Target: x86_64-apple-darwin14.3.0
Thread model: posix
configure:2564: $? = 0
configure:2566: gcc -V </dev/null >&5
clang: error: argument to '-V' is missing (expected 1 value)
clang: error: no input files
configure:2569: $? = 1
configure:2572: checking whether we are using the GNU C compiler
configure:2597: gcc -c   conftest.c >&5
configure:2600: $? = 0
configure:2603: test -s conftest.o
configure:2606: $? = 0
configure:2619: result: yes
configure:2625: checking whether gcc accepts -g
configure:2647: gcc -c -g  conftest.c >&5
configure:2650: $? = 0
configure:2653: test -s conftest.o
configure:2656: $? = 0
configure:2667: result: yes
configure:2684: checking for gcc option to accept ANSI C
configure:2745: gcc  -c -g -O2  conftest.c >&5
configure:2748: $? = 0
configure:2751: test -s conftest.o
configure:2754: $? = 0
configure:2772: result: none needed
configure:2790: gcc -c -g -O2  conftest.c >&5
conftest.c:2:3: error: unknown type name 'choke'
  choke me
  ^
conftest.c:2:11: error: expected ';' after top level declarator
  choke me
          ^
          ;
2 errors generated.
configure:2793: $? = 1
configure: failed program was:
| #ifndef __cplusplus
|   choke me
| #endif
configure:2953: checking for g77
configure:2982: result: no
configure:2953: checking for f77
configure:2982: result: no
configure:2953: checking for xlf
configure:2982: result: no
configure:2953: checking for frt
configure:2982: result: no
configure:2953: checking for pgf77
configure:2982: result: no
configure:2953: checking for fl32
configure:2982: result: no
configure:2953: checking for af77
configure:2982: result: no
configure:2953: checking for fort77
configure:2982: result: no
configure:2953: checking for f90
configure:2982: result: no
configure:2953: checking for xlf90
configure:2982: result: no
configure:2953: checking for pgf90
configure:2982: result: no
configure:2953: checking for epcf90
configure:2982: result: no
configure:2953: checking for f95
configure:2982: result: no
configure:2953: checking for fort
configure:2982: result: no
configure:2953: checking for xlf95
configure:2982: result: no
configure:2953: checking for lf95
configure:2982: result: no
configure:2953: checking for g95
configure:2982: result: no
configure:2994: checking for Fortran 77 compiler version
configure:2997:  --version </dev/null >&5
./configure: line 2998: --version: command not found
configure:3000: $? = 127
configure:3002:  -v </dev/null >&5
./configure: line 3003: -v: command not found
configure:3005: $? = 127
configure:3007:  -V </dev/null >&5
./configure: line 3008: -V: command not found
configure:3010: $? = 127
configure:3017: checking whether we are using the GNU Fortran 77 compiler
configure:3031:  -c  conftest.F >&5
./configure: line 3032: -c: command not found
configure:3034: $? = 127
configure: failed program was:
|       program main
| #ifndef __GNUC__
|        choke me
| #endif
| 
|       end
configure:3053: result: no
configure:3060: checking whether  accepts -g
configure:3072:  -c -g conftest.f >&5
./configure: line 3073: -c: command not found
configure:3075: $? = 127
configure: failed program was:
|       program main
| 
|       end
configure:3093: result: no
configure:3122: checking dependency mode for g++
configure:3167: result: gcc3
configure:3176: checking dependency mode for gcc
configure:3221: result: gcc3
configure:3241: checking for a BSD-compatible install
configure:3295: result: /usr/bin/install -c
configure:3306: checking whether ln -s works
configure:3310: result: yes
configure:3317: checking whether make sets $(MAKE)
configure:3337: result: yes
configure:3364: checking for main in -lc
configure:3389: gcc -o conftest -g -O2   conftest.c -lc   >&5
configure:3392: $? = 0
configure:3395: test -s conftest
configure:3398: $? = 0
configure:3410: result: yes
configure:3364: checking for main in -lm
configure:3389: gcc -o conftest -g -O2   conftest.c -lm -lc   >&5
configure:3392: $? = 0
configure:3395: test -s conftest
configure:3398: $? = 0
configure:3410: result: yes
configure:3364: checking for main in -lutil
configure:3389: gcc -o conftest -g -O2   conftest.c -lutil -lm -lc   >&5
configure:3392: $? = 0
configure:3395: test -s conftest
configure:3398: $? = 0
configure:3410: result: yes
configure:3441: checking how to run the C preprocessor
configure:3477: gcc -E   conftest.c
configure:3483: $? = 0
configure:3515: gcc -E   conftest.c
configure:3517:10: fatal error: 'ac_nonexistent.h' file not found
#include <ac_nonexistent.h>
         ^
1 error generated.
configure:3521: $? = 1
configure: failed program was:
| #line 3506 "configure"
| /* confdefs.h.  */
| 
| #define PACKAGE_NAME "gOpenMol"
| #define PACKAGE_TARNAME "gopenmol"
| #define PACKAGE_VERSION "3.00"
| #define PACKAGE_STRING "gOpenMol 3.00"
| #define PACKAGE_BUGREPORT ""
| #ifdef __cplusplus
| #include <stdlib.h>
| #endif
| /* end confdefs.h.  */
| #include <ac_nonexistent.h>
configure:3559: result: gcc -E
configure:3584: gcc -E   conftest.c
configure:3590: $? = 0
configure:3622: gcc -E   conftest.c
configure:3624:10: fatal error: 'ac_nonexistent.h' file not found
#include <ac_nonexistent.h>
         ^
1 error generated.
configure:3628: $? = 1
configure: failed program was:
| #line 3613 "configure"
| /* confdefs.h.  */
| 
| #define PACKAGE_NAME "gOpenMol"
| #define PACKAGE_TARNAME "gopenmol"
| #define PACKAGE_VERSION "3.00"
| #define PACKAGE_STRING "gOpenMol 3.00"
| #define PACKAGE_BUGREPORT ""
| #ifdef __cplusplus
| #include <stdlib.h>
| #endif
| /* end confdefs.h.  */
| #include <ac_nonexistent.h>
configure:3671: checking for egrep
configure:3681: result: grep -E
configure:3686: checking for ANSI C header files
configure:3712: gcc -c  -g -O2   conftest.c >&5
configure:3715: $? = 0
configure:3718: test -s conftest.o
configure:3721: $? = 0
configure:3813: gcc -o conftest  -g -O2     conftest.c -lutil -lm -lc   >&5
configure:3809:7: warning: implicitly declaring library function 'exit' with type 'void (int) __attribute__((noreturn))'
      exit(2);
      ^
configure:3809:7: note: include the header <stdlib.h> or explicitly provide a declaration for 'exit'
1 warning generated.
configure:3816: $? = 0
configure:3818: ./conftest
configure:3821: $? = 0
configure:3836: result: yes
configure:3860: checking for sys/types.h
configure:3877: gcc -c  -g -O2   conftest.c >&5
configure:3880: $? = 0
configure:3883: test -s conftest.o
configure:3886: $? = 0
configure:3897: result: yes
configure:3860: checking for sys/stat.h
configure:3877: gcc -c  -g -O2   conftest.c >&5
configure:3880: $? = 0
configure:3883: test -s conftest.o
configure:3886: $? = 0
configure:3897: result: yes
configure:3860: checking for stdlib.h
configure:3877: gcc -c  -g -O2   conftest.c >&5
configure:3880: $? = 0
configure:3883: test -s conftest.o
configure:3886: $? = 0
configure:3897: result: yes
configure:3860: checking for string.h
configure:3877: gcc -c  -g -O2   conftest.c >&5
configure:3880: $? = 0
configure:3883: test -s conftest.o
configure:3886: $? = 0
configure:3897: result: yes
configure:3860: checking for memory.h
configure:3877: gcc -c  -g -O2   conftest.c >&5
configure:3880: $? = 0
configure:3883: test -s conftest.o
configure:3886: $? = 0
configure:3897: result: yes
configure:3860: checking for strings.h
configure:3877: gcc -c  -g -O2   conftest.c >&5
configure:3880: $? = 0
configure:3883: test -s conftest.o
configure:3886: $? = 0
configure:3897: result: yes
configure:3860: checking for inttypes.h
configure:3877: gcc -c  -g -O2   conftest.c >&5
configure:3880: $? = 0
configure:3883: test -s conftest.o
configure:3886: $? = 0
configure:3897: result: yes
configure:3860: checking for stdint.h
configure:3877: gcc -c  -g -O2   conftest.c >&5
configure:3880: $? = 0
configure:3883: test -s conftest.o
configure:3886: $? = 0
configure:3897: result: yes
configure:3860: checking for unistd.h
configure:3877: gcc -c  -g -O2   conftest.c >&5
configure:3880: $? = 0
configure:3883: test -s conftest.o
configure:3886: $? = 0
configure:3897: result: yes
configure:3923: checking sys/procfs.h usability
configure:3936: gcc -c  -g -O2   conftest.c >&5
configure:3980:10: fatal error: 'sys/procfs.h' file not found
#include <sys/procfs.h>
         ^
1 error generated.
configure:3939: $? = 1
configure: failed program was:
| #line 3925 "configure"
| /* confdefs.h.  */
| 
| #define PACKAGE_NAME "gOpenMol"
| #define PACKAGE_TARNAME "gopenmol"
| #define PACKAGE_VERSION "3.00"
| #define PACKAGE_STRING "gOpenMol 3.00"
| #define PACKAGE_BUGREPORT ""
| #ifdef __cplusplus
| #include <stdlib.h>
| #endif
| #define STDC_HEADERS 1
| #define HAVE_SYS_TYPES_H 1
| #define HAVE_SYS_STAT_H 1
| #define HAVE_STDLIB_H 1
| #define HAVE_STRING_H 1
| #define HAVE_MEMORY_H 1
| #define HAVE_STRINGS_H 1
| #define HAVE_INTTYPES_H 1
| #define HAVE_STDINT_H 1
| #define HAVE_UNISTD_H 1
| /* end confdefs.h.  */
| #include <stdio.h>
| #if HAVE_SYS_TYPES_H
| # include <sys/types.h>
| #endif
| #if HAVE_SYS_STAT_H
| # include <sys/stat.h>
| #endif
| #if STDC_HEADERS
| # include <stdlib.h>
| # include <stddef.h>
| #else
| # if HAVE_STDLIB_H
| #  include <stdlib.h>
| # endif
| #endif
| #if HAVE_STRING_H
| # if !STDC_HEADERS && HAVE_MEMORY_H
| #  include <memory.h>
| # endif
| # include <string.h>
| #endif
| #if HAVE_STRINGS_H
| # include <strings.h>
| #endif
| #if HAVE_INTTYPES_H
| # include <inttypes.h>
| #else
| # if HAVE_STDINT_H
| #  include <stdint.h>
| # endif
| #endif
| #if HAVE_UNISTD_H
| # include <unistd.h>
| #endif
| #include <sys/procfs.h>
configure:3955: result: no
configure:3959: checking sys/procfs.h presence
configure:3970: gcc -E   conftest.c
configure:3982:10: fatal error: 'sys/procfs.h' file not found
#include <sys/procfs.h>
         ^
1 error generated.
configure:3976: $? = 1
configure: failed program was:
| #line 3961 "configure"
| /* confdefs.h.  */
| 
| #define PACKAGE_NAME "gOpenMol"
| #define PACKAGE_TARNAME "gopenmol"
| #define PACKAGE_VERSION "3.00"
| #define PACKAGE_STRING "gOpenMol 3.00"
| #define PACKAGE_BUGREPORT ""
| #ifdef __cplusplus
| #include <stdlib.h>
| #endif
| #define STDC_HEADERS 1
| #define HAVE_SYS_TYPES_H 1
| #define HAVE_SYS_STAT_H 1
| #define HAVE_STDLIB_H 1
| #define HAVE_STRING_H 1
| #define HAVE_MEMORY_H 1
| #define HAVE_STRINGS_H 1
| #define HAVE_INTTYPES_H 1
| #define HAVE_STDINT_H 1
| #define HAVE_UNISTD_H 1
| /* end confdefs.h.  */
| #include <sys/procfs.h>
configure:3995: result: no
configure:4031: checking for sys/procfs.h
configure:4038: result: no
configure:4053: checking for an ANSI C-conforming const
configure:4121: gcc -c  -g -O2   conftest.c >&5
configure:4124: $? = 0
configure:4127: test -s conftest.o
configure:4130: $? = 0
configure:4141: result: yes
configure:4151: checking for inline
configure:4173: gcc -c  -g -O2   conftest.c >&5
configure:4176: $? = 0
configure:4179: test -s conftest.o
configure:4182: $? = 0
configure:4194: result: inline
configure:4209: checking for pid_t
configure:4234: gcc -c  -g -O2   conftest.c >&5
configure:4237: $? = 0
configure:4240: test -s conftest.o
configure:4243: $? = 0
configure:4254: result: yes
configure:4266: checking for size_t
configure:4291: gcc -c  -g -O2   conftest.c >&5
configure:4294: $? = 0
configure:4297: test -s conftest.o
configure:4300: $? = 0
configure:4311: result: yes
configure:4323: checking for working volatile
configure:4347: gcc -c  -g -O2   conftest.c >&5
configure:4350: $? = 0
configure:4353: test -s conftest.o
configure:4356: $? = 0
configure:4367: result: yes
configure:1: checking for intmax_t
configure:26: gcc -c  -g -O2   conftest.c >&5
configure:29: $? = 0
configure:32: test -s conftest.o
configure:35: $? = 0
configure:46: result: yes
configure:49: checking size of intmax_t
configure:324: gcc -o conftest  -g -O2     conftest.c -lutil -lm -lc   >&5
configure:327: $? = 0
configure:329: ./conftest
configure:332: $? = 0
configure:355: result: 8
configure:1: checking for intptr_t
configure:26: gcc -c  -g -O2   conftest.c >&5
configure:29: $? = 0
configure:32: test -s conftest.o
configure:35: $? = 0
configure:46: result: yes
configure:49: checking size of intptr_t
configure:324: gcc -o conftest  -g -O2     conftest.c -lutil -lm -lc   >&5
configure:327: $? = 0
configure:329: ./conftest
configure:332: $? = 0
configure:355: result: 8
configure:1: checking for ptrdiff_t
configure:26: gcc -c  -g -O2   conftest.c >&5
configure:29: $? = 0
configure:32: test -s conftest.o
configure:35: $? = 0
configure:46: result: yes
configure:49: checking size of ptrdiff_t
configure:324: gcc -o conftest  -g -O2     conftest.c -lutil -lm -lc   >&5
configure:327: $? = 0
configure:329: ./conftest
configure:332: $? = 0
configure:355: result: 8
configure:1: checking for size_t
configure:26: gcc -c  -g -O2   conftest.c >&5
configure:29: $? = 0
configure:32: test -s conftest.o
configure:35: $? = 0
configure:46: result: yes
configure:49: checking size of size_t
configure:324: gcc -o conftest  -g -O2     conftest.c -lutil -lm -lc   >&5
configure:327: $? = 0
configure:329: ./conftest
configure:332: $? = 0
configure:355: result: 8
configure:1: checking for void *
configure:26: gcc -c  -g -O2   conftest.c >&5
configure:29: $? = 0
configure:32: test -s conftest.o
configure:35: $? = 0
configure:46: result: yes
configure:49: checking size of void *
configure:324: gcc -o conftest  -g -O2     conftest.c -lutil -lm -lc   >&5
configure:327: $? = 0
configure:329: ./conftest
configure:332: $? = 0
configure:355: result: 8
configure:1: checking for int
configure:26: gcc -c  -g -O2   conftest.c >&5
configure:29: $? = 0
configure:32: test -s conftest.o
configure:35: $? = 0
configure:46: result: yes
configure:49: checking size of int
configure:324: gcc -o conftest  -g -O2     conftest.c -lutil -lm -lc   >&5
configure:327: $? = 0
configure:329: ./conftest
configure:332: $? = 0
configure:355: result: 4
configure:1: checking for long int
configure:26: gcc -c  -g -O2   conftest.c >&5
configure:29: $? = 0
configure:32: test -s conftest.o
configure:35: $? = 0
configure:46: result: yes
configure:49: checking size of long int
configure:324: gcc -o conftest  -g -O2     conftest.c -lutil -lm -lc   >&5
configure:327: $? = 0
configure:329: ./conftest
configure:332: $? = 0
configure:355: result: 8
configure:1: checking for long long int
configure:26: gcc -c  -g -O2   conftest.c >&5
configure:29: $? = 0
configure:32: test -s conftest.o
configure:35: $? = 0
configure:46: result: yes
configure:49: checking size of long long int
configure:324: gcc -o conftest  -g -O2     conftest.c -lutil -lm -lc   >&5
configure:327: $? = 0
configure:329: ./conftest
configure:332: $? = 0
configure:355: result: 8
configure:4800: checking for OS name
configure:4808: result: Darwin
configure:4814: checking return type of signal handlers
configure:4846: gcc -c  -g -O2   conftest.c >&5
configure:4849: $? = 0
configure:4852: test -s conftest.o
configure:4855: $? = 0
configure:4866: result: void
configure:4891: checking for sscanf, %hhd and %hhn
configure:4928: gcc -o conftest  -g -O2     conftest.c -lutil -lm -lc   >&5
configure:4931: $? = 0
configure:4933: ./conftest
configure:4936: $? = 0
configure:4938: result: yes
configure:4891: checking for sscanf, %hd and %hn
configure:4928: gcc -o conftest  -g -O2     conftest.c -lutil -lm -lc   >&5
configure:4931: $? = 0
configure:4933: ./conftest
configure:4936: $? = 0
configure:4938: result: yes
configure:4891: checking for sscanf, %d and %n
configure:4928: gcc -o conftest  -g -O2     conftest.c -lutil -lm -lc   >&5
configure:4931: $? = 0
configure:4933: ./conftest
configure:4936: $? = 0
configure:4938: result: yes
configure:4891: checking for sscanf, %ld and %ln
configure:4928: gcc -o conftest  -g -O2     conftest.c -lutil -lm -lc   >&5
configure:4931: $? = 0
configure:4933: ./conftest
configure:4936: $? = 0
configure:4938: result: yes
configure:4891: checking for sscanf, %lld and %lln
configure:4928: gcc -o conftest  -g -O2     conftest.c -lutil -lm -lc   >&5
configure:4931: $? = 0
configure:4933: ./conftest
configure:4936: $? = 0
configure:4938: result: yes
configure:4891: checking for sscanf, %jd and %jn
configure:4928: gcc -o conftest  -g -O2     conftest.c -lutil -lm -lc   >&5
configure:4931: $? = 0
configure:4933: ./conftest
configure:4936: $? = 0
configure:4938: result: yes
configure:4891: checking for sscanf, %td and %tn
configure:4928: gcc -o conftest  -g -O2     conftest.c -lutil -lm -lc   >&5
configure:4931: $? = 0
configure:4933: ./conftest
configure:4936: $? = 0
configure:4938: result: yes
configure:4891: checking for sscanf, %zd and %zn
configure:4928: gcc -o conftest  -g -O2     conftest.c -lutil -lm -lc   >&5
configure:4931: $? = 0
configure:4933: ./conftest
configure:4936: $? = 0
configure:4938: result: yes
configure:4891: checking for sscanf, %f and %n
configure:4928: gcc -o conftest  -g -O2     conftest.c -lutil -lm -lc   >&5
configure:4982:35: warning: format specifies type 'int *' but the argument has type 'float *' [-Wformat]
            nf = sscanf("0_","%f%n", &x, &n);
                                ~~       ^~
1 warning generated.
configure:4931: $? = 0
configure:4933: ./conftest
configure:4936: $? = 0
configure:4938: result: yes
configure:4891: checking for sscanf, %lf and %n
configure:4928: gcc -o conftest  -g -O2     conftest.c -lutil -lm -lc   >&5
configure:4982:36: warning: format specifies type 'int *' but the argument has type 'double *' [-Wformat]
            nf = sscanf("0_","%lf%n", &x, &n);
                                 ~~       ^~
1 warning generated.
configure:4931: $? = 0
configure:4933: ./conftest
configure:4936: $? = 0
configure:4938: result: yes
configure:4891: checking for sscanf, %Lf and %n
configure:4928: gcc -o conftest  -g -O2     conftest.c -lutil -lm -lc   >&5
configure:4982:36: warning: format specifies type 'int *' but the argument has type 'long double *' [-Wformat]
            nf = sscanf("0_","%Lf%n", &x, &n);
                                 ~~       ^~
1 warning generated.
configure:4931: $? = 0
configure:4933: ./conftest
configure:4936: $? = 0
configure:4938: result: yes
configure:4953: checking for C99 sscanf
configure:4960: result: yes
configure:4966: checking for vsscanf
configure:5016: gcc -o conftest  -g -O2     conftest.c -lutil -lm -lc   >&5
configure:5017:6: warning: incompatible redeclaration of library function 'vsscanf' [-Wincompatible-library-redeclaration]
char vsscanf ();
     ^
configure:5017:6: note: 'vsscanf' is a builtin with type 'int (const char *restrict, const char *restrict, __va_list_tag *)'
1 warning generated.
configure:5019: $? = 0
configure:5022: test -s conftest
configure:5025: $? = 0
configure:5036: result: yes
configure:5101: checking for snprintf
configure:5130: gcc -o conftest  -g -O2     conftest.c -lutil -lm -lc   >&5
configure:5133: $? = 0
configure:5135: ./conftest
configure:5138: $? = 0
configure:5151: result: yes
configure:5155: checking for vsnprintf
configure:5205: gcc -o conftest  -g -O2     conftest.c -lutil -lm -lc   >&5
configure:5207:6: warning: incompatible redeclaration of library function 'vsnprintf' [-Wincompatible-library-redeclaration]
char vsnprintf ();
     ^
configure:5207:6: note: 'vsnprintf' is a builtin with type 'int (char *, unsigned long, const char *, __va_list_tag *)'
1 warning generated.
configure:5208: $? = 0
configure:5211: test -s conftest
configure:5214: $? = 0
configure:5225: result: yes
configure:5235: checking for C99 vsnprintf
configure:5242: result: yes
configure:5267: checking for asprintf
configure:5317: gcc -o conftest  -g -O2     conftest.c -lutil -lm -lc   >&5
configure:5320: $? = 0
configure:5323: test -s conftest
configure:5326: $? = 0
configure:5337: result: yes
configure:5267: checking for vasprintf
configure:5317: gcc -o conftest  -g -O2     conftest.c -lutil -lm -lc   >&5
configure:5320: $? = 0
configure:5323: test -s conftest
configure:5326: $? = 0
configure:5337: result: yes
configure:5267: checking for getcwd
configure:5317: gcc -o conftest  -g -O2     conftest.c -lutil -lm -lc   >&5
configure:5320: $? = 0
configure:5323: test -s conftest
configure:5326: $? = 0
configure:5337: result: yes
configure:5267: checking for getrusage
configure:5317: gcc -o conftest  -g -O2     conftest.c -lutil -lm -lc   >&5
configure:5320: $? = 0
configure:5323: test -s conftest
configure:5326: $? = 0
configure:5337: result: yes
configure:5267: checking for nearbyint
configure:5317: gcc -o conftest  -g -O2     conftest.c -lutil -lm -lc   >&5
configure:5324:6: warning: incompatible redeclaration of library function 'nearbyint' [-Wincompatible-library-redeclaration]
char nearbyint ();
     ^
configure:5324:6: note: 'nearbyint' is a builtin with type 'double (double)'
1 warning generated.
configure:5320: $? = 0
configure:5323: test -s conftest
configure:5326: $? = 0
configure:5337: result: yes
configure:5469: checking for libtool
configure:5473: result: ./libtool
configure:20608: checking for Tcl configuration file
configure:20632: found /usr/local/lib/tclConfig.sh
configure:20639: result: /usr/local/lib/tclConfig.sh
configure:20645: reading Tcl configurarions
configure:20660: checking for tclsh
configure:20711: found /usr/local/bin/tclsh
configure:20711: found /usr/local/bin/tclsh8.6
configure:20711: found /usr/local/bin/tclsh8.6
configure:20741: /usr/local/bin/tclsh8.6   conftest.tcl >conftest.out
configure:20744: $? = 0
configure:20769: result: tclsh8.6
configure:21099: checking for Tcl library directory
configure:21129: result: /Library/Frameworks/Tcl.framework/Versions/8.6/Resources/
configure:21140: checking for Tcl header directive
configure:21176: result: -I/usr/local/include
configure:21181: checking for Tcl linkage options
configure:21195: result:  -ltcl8.6  -L/usr/local/lib
configure:28: checking tcl.h usability
configure:41: gcc -c   -g -O2 -I/usr/local/include     conftest.c >&5
configure:44: $? = 0
configure:47: test -s conftest.o
configure:50: $? = 0
configure:60: result: yes
configure:64: checking tcl.h presence
configure:75: gcc -E -I/usr/local/include     conftest.c
configure:81: $? = 0
configure:100: result: yes
configure:136: checking for tcl.h
configure:143: result: yes
configure:227: checking for Tcl_StringCaseMatch in  -ltcl8.6
configure:256: gcc -o conftest   -g -O2     -L/usr/local/lib    conftest.c  -ltcl8.6  -lutil -lm -lc   >&5
configure:259: $? = 0
configure:262: test -s conftest
configure:265: $? = 0
configure:276: result: yes
configure:21239: checking for X
configure:21459: result: libraries /opt/X11/lib/, headers /opt/X11/include/
configure:21612: gcc -o conftest    -g -O2 -I/usr/local/include      -L/usr/local/lib    conftest.c  -ltcl8.6  -lutil -lm -lc    -L/opt/X11/lib/ -lX11 >&5
configure:21615: $? = 0
configure:21618: test -s conftest
configure:21621: $? = 0
configure:21758: checking for gethostbyname
configure:21808: gcc -o conftest    -g -O2 -I/usr/local/include      -L/usr/local/lib    conftest.c  -ltcl8.6  -lutil -lm -lc   >&5
configure:21811: $? = 0
configure:21814: test -s conftest
configure:21817: $? = 0
configure:21828: result: yes
configure:21959: checking for connect
configure:22009: gcc -o conftest    -g -O2 -I/usr/local/include      -L/usr/local/lib    conftest.c  -ltcl8.6  -lutil -lm -lc   >&5
configure:22012: $? = 0
configure:22015: test -s conftest
configure:22018: $? = 0
configure:22029: result: yes
configure:22094: checking for remove
configure:22144: gcc -o conftest    -g -O2 -I/usr/local/include      -L/usr/local/lib    conftest.c  -ltcl8.6  -lutil -lm -lc   >&5
configure:22147: $? = 0
configure:22150: test -s conftest
configure:22153: $? = 0
configure:22164: result: yes
configure:22229: checking for shmat
configure:22279: gcc -o conftest    -g -O2 -I/usr/local/include      -L/usr/local/lib    conftest.c  -ltcl8.6  -lutil -lm -lc   >&5
configure:22282: $? = 0
configure:22285: test -s conftest
configure:22288: $? = 0
configure:22299: result: yes
configure:22373: checking for IceConnectionNumber in -lICE
configure:22404: gcc -o conftest    -g -O2 -I/usr/local/include      -L/usr/local/lib    -L/opt/X11/lib/ conftest.c -lICE   -ltcl8.6  -lutil -lm -lc   >&5
configure:22407: $? = 0
configure:22410: test -s conftest
configure:22413: $? = 0
configure:22425: result: yes
configure:22452: checking for main in -lXi
configure:22477: gcc -o conftest    -g -O2 -I/usr/local/include      -L/usr/local/lib    conftest.c -lXi  -L/opt/X11/lib/  -lSM -lICE -lX11   -ltcl8.6  -lutil -lm -lc   >&5
configure:22480: $? = 0
configure:22483: test -s conftest
configure:22486: $? = 0
configure:22498: result: yes
configure:22452: checking for main in -lXmu
configure:22477: gcc -o conftest    -g -O2 -I/usr/local/include      -L/usr/local/lib    conftest.c -lXmu  -L/opt/X11/lib/ -lXi  -lSM -lICE -lX11   -ltcl8.6  -lutil -lm -lc   >&5
configure:22480: $? = 0
configure:22483: test -s conftest
configure:22486: $? = 0
configure:22498: result: yes
configure:22541: checking for Tk configuration file
configure:22565: found /usr/local/lib/tkConfig.sh
configure:22572: result: /usr/local/lib/tkConfig.sh
configure:22578: reading Tk configurarions
configure:22604: checking for Tk library directory
configure:22634: result: /Library/Frameworks/Tcl.framework/Versions/8.6/Resources/
configure:22645: checking for Tk header directive
configure:22681: result: -I/usr/local/include
configure:22686: checking for Tk linkage options
configure:22700: result:  -ltk8.6  -L/usr/local/lib
configure:28: checking tk.h usability
configure:41: gcc -c     -g -O2 -I/usr/local/include  -I/opt/X11/include/  -I/usr/local/include     conftest.c >&5
configure:44: $? = 0
configure:47: test -s conftest.o
configure:50: $? = 0
configure:60: result: yes
configure:64: checking tk.h presence
configure:75: gcc -E -I/usr/local/include  -I/opt/X11/include/  -I/usr/local/include     conftest.c
configure:81: $? = 0
configure:100: result: yes
configure:136: checking for tk.h
configure:143: result: yes
configure:227: checking for Tk_Init in  -ltk8.6
configure:276: result: yes
configure:28: checking GL/gl.h usability
configure:41: gcc -c      -g -O2  -I/usr/local/include  -I/opt/X11/include/  -I/usr/local/include     conftest.c >&5
configure:44: $? = 0
configure:47: test -s conftest.o
configure:50: $? = 0
configure:60: result: yes
configure:64: checking GL/gl.h presence
configure:75: gcc -E  -I/usr/local/include  -I/opt/X11/include/  -I/usr/local/include     conftest.c
configure:81: $? = 0
configure:100: result: yes
configure:136: checking for GL/gl.h
configure:143: result: yes
configure:166: checking for glClear in -lGL
configure:197: gcc -o conftest      -g -O2 -I/usr/local/include  -I/opt/X11/include/  -I/usr/local/include       -L/usr/local/lib  -L/opt/X11/lib/  -L/usr/local/lib    conftest.c -lGL    -ltk8.6 -lXmu -lXi  -lSM -lICE -lX11   -ltcl8.6  -lutil -lm -lc   >&5
configure:200: $? = 0
configure:203: test -s conftest
configure:206: $? = 0
configure:218: result: yes
configure:28: checking GL/glu.h usability
configure:41: gcc -c       -g -O2   -I/usr/local/include  -I/opt/X11/include/  -I/usr/local/include     conftest.c >&5
configure:44: $? = 0
configure:47: test -s conftest.o
configure:50: $? = 0
configure:60: result: yes
configure:64: checking GL/glu.h presence
configure:75: gcc -E   -I/usr/local/include  -I/opt/X11/include/  -I/usr/local/include     conftest.c
configure:81: $? = 0
configure:100: result: yes
configure:136: checking for GL/glu.h
configure:143: result: yes
configure:166: checking for gluDisk in -lGLU
configure:197: gcc -o conftest       -g -O2  -I/usr/local/include  -I/opt/X11/include/  -I/usr/local/include        -L/usr/local/lib  -L/opt/X11/lib/  -L/usr/local/lib    conftest.c -lGLU   -lGL   -ltk8.6 -lXmu -lXi  -lSM -lICE -lX11   -ltcl8.6  -lutil -lm -lc   >&5
configure:200: $? = 0
configure:203: test -s conftest
configure:206: $? = 0
configure:218: result: yes
configure:28: checking GL/glut.h usability
configure:41: gcc -c        -g -O2    -I/usr/local/include  -I/opt/X11/include/  -I/usr/local/include     conftest.c >&5
configure:44: $? = 0
configure:47: test -s conftest.o
configure:50: $? = 0
configure:60: result: yes
configure:64: checking GL/glut.h presence
configure:75: gcc -E    -I/usr/local/include  -I/opt/X11/include/  -I/usr/local/include     conftest.c
configure:81: $? = 0
configure:100: result: yes
configure:136: checking for GL/glut.h
configure:143: result: yes
configure:166: checking for glutInit in -lglut
configure:197: gcc -o conftest        -g -O2   -I/usr/local/include  -I/opt/X11/include/  -I/usr/local/include         -L/usr/local/lib  -L/opt/X11/lib/  -L/usr/local/lib    conftest.c -lglut   -lGLU  -lGL   -ltk8.6 -lXmu -lXi  -lSM -lICE -lX11   -ltcl8.6  -lutil -lm -lc   >&5
configure:200: $? = 0
configure:203: test -s conftest
configure:206: $? = 0
configure:218: result: yes
configure:28: checking jpeglib.h usability
configure:41: gcc -c         -g -O2     -I/usr/local/include  -I/opt/X11/include/  -I/usr/local/include     conftest.c >&5
configure:44: $? = 0
configure:47: test -s conftest.o
configure:50: $? = 0
configure:60: result: yes
configure:64: checking jpeglib.h presence
configure:75: gcc -E     -I/usr/local/include  -I/opt/X11/include/  -I/usr/local/include     conftest.c
configure:81: $? = 0
configure:100: result: yes
configure:136: checking for jpeglib.h
configure:143: result: yes
configure:166: checking for jpeg_start_compress in -ljpeg
configure:197: gcc -o conftest         -g -O2    -I/usr/local/include  -I/opt/X11/include/  -I/usr/local/include          -L/usr/local/lib  -L/opt/X11/lib/  -L/usr/local/lib    conftest.c -ljpeg   -lglut  -lGLU  -lGL   -ltk8.6 -lXmu -lXi  -lSM -lICE -lX11   -ltcl8.6  -lutil -lm -lc   >&5
configure:200: $? = 0
configure:203: test -s conftest
configure:206: $? = 0
configure:218: result: yes
configure:22876: checking for python
configure:22927: found /usr/bin/python
configure:22927: found /usr/bin/python2.6
configure:22927: found /usr/bin/python2.6-config
configure:22927: found /usr/bin/python2.7
configure:22927: found /usr/bin/python2.7-config
configure:22927: found /usr/bin/python
configure:22957: /usr/bin/python   conftest.py >conftest.out
configure:22960: $? = 0
configure:22985: result: python
configure:22993: checking for python module distutils.sysconfig
configure:23003: result: yes
configure:23009: checking for Python
configure:23142: result: version 2.7, libraries -L/System/Library/Frameworks/Python.framework/Versions/2.7/lib -L/System/Library/Frameworks/Python.framework/Versions/2.7/lib/python2.7/config , headers -I/System/Library/Frameworks/Python.framework/Versions/2.7/include/python2.7
configure:28: checking Python.h usability
configure:41: gcc -c          -g -O2 -I/System/Library/Frameworks/Python.framework/Versions/2.7/include/python2.7     -I/usr/local/include  -I/opt/X11/include/  -I/usr/local/include     conftest.c >&5
configure:44: $? = 0
configure:47: test -s conftest.o
configure:50: $? = 0
configure:60: result: yes
configure:64: checking Python.h presence
configure:75: gcc -E -I/System/Library/Frameworks/Python.framework/Versions/2.7/include/python2.7     -I/usr/local/include  -I/opt/X11/include/  -I/usr/local/include     conftest.c
configure:81: $? = 0
configure:100: result: yes
configure:136: checking for Python.h
configure:143: result: yes
configure:166: checking for Py_Initialize in -lpython2.7
configure:197: gcc -o conftest          -g -O2     -I/usr/local/include  -I/opt/X11/include/  -I/usr/local/include     -L/System/Library/Frameworks/Python.framework/Versions/2.7/lib -L/System/Library/Frameworks/Python.framework/Versions/2.7/lib/python2.7/config      -L/usr/local/lib  -L/opt/X11/lib/  -L/usr/local/lib    conftest.c -lpython2.7   -ljpeg  -lglut  -lGLU  -lGL   -ltk8.6 -lXmu -lXi  -lSM -lICE -lX11   -ltcl8.6  -lutil -lm -lc   >&5
configure:200: $? = 0
configure:203: test -s conftest
configure:206: $? = 0
configure:218: result: yes
configure:23391: creating ./config.status

## ---------------------- ##
## Running config.status. ##
## ---------------------- ##

This file was extended by gOpenMol config.status 3.00, which was
generated by GNU Autoconf 2.57.  Invocation command line was

  CONFIG_FILES    = 
  CONFIG_HEADERS  = 
  CONFIG_LINKS    = 
  CONFIG_COMMANDS = 
  $ ./config.status 

on kaismbpro.ktd.local

config.status:776: creating config.mk
config.status:776: creating Makefile
config.status:776: creating init.mk
config.status:776: creating general/Makefile
config.status:776: creating graphics/Makefile
config.status:776: creating parser/Makefile
config.status:776: creating readwrite/Makefile
config.status:776: creating plugins/config.mk
config.status:776: creating utility/Makefile
config.status:880: creating config.h
config.status:1053: config.h is unchanged
config.status:1256: executing graphics/mk commands
config.status:1256: executing plugins commands

## ---------------- ##
## Cache variables. ##
## ---------------- ##

ac_cv_c_compiler_gnu=yes
ac_cv_c_const=yes
ac_cv_c_inline=inline
ac_cv_c_volatile=yes
ac_cv_cxx_compiler_gnu=yes
ac_cv_env_CC_set=
ac_cv_env_CC_value=
ac_cv_env_CFLAGS_set=
ac_cv_env_CFLAGS_value=
ac_cv_env_CPPFLAGS_set=
ac_cv_env_CPPFLAGS_value=
ac_cv_env_CPP_set=
ac_cv_env_CPP_value=
ac_cv_env_CXXCPP_set=
ac_cv_env_CXXCPP_value=
ac_cv_env_CXXFLAGS_set=
ac_cv_env_CXXFLAGS_value=
ac_cv_env_CXX_set=
ac_cv_env_CXX_value=
ac_cv_env_F77_set=
ac_cv_env_F77_value=
ac_cv_env_FFLAGS_set=
ac_cv_env_FFLAGS_value=
ac_cv_env_LDFLAGS_set=
ac_cv_env_LDFLAGS_value=
ac_cv_env_PYTHON_set=
ac_cv_env_PYTHON_value=
ac_cv_env_TCLSH_set=
ac_cv_env_TCLSH_value=
ac_cv_env_TCL_LIBRARY_set=
ac_cv_env_TCL_LIBRARY_value=
ac_cv_env_TK_LIBRARY_set=
ac_cv_env_TK_LIBRARY_value=
ac_cv_env_build_alias_set=
ac_cv_env_build_alias_value=
ac_cv_env_host_alias_set=
ac_cv_env_host_alias_value=
ac_cv_env_target_alias_set=
ac_cv_env_target_alias_value=
ac_cv_exeext=
ac_cv_f77_compiler_gnu=no
ac_cv_func_asprintf=yes
ac_cv_func_connect=yes
ac_cv_func_getcwd=yes
ac_cv_func_gethostbyname=yes
ac_cv_func_getrusage=yes
ac_cv_func_nearbyint=yes
ac_cv_func_remove=yes
ac_cv_func_shmat=yes
ac_cv_func_vasprintf=yes
ac_cv_func_vsnprintf=yes
ac_cv_func_vsscanf=yes
ac_cv_have_x='have_x=yes 		ac_x_includes=/opt/X11/include/ ac_x_libraries=/opt/X11/lib/'
ac_cv_header_GL_gl_h=yes
ac_cv_header_GL_glu_h=yes
ac_cv_header_GL_glut_h=yes
ac_cv_header_Python_h=yes
ac_cv_header_inttypes_h=yes
ac_cv_header_jpeglib_h=yes
ac_cv_header_memory_h=yes
ac_cv_header_stdc=yes
ac_cv_header_stdint_h=yes
ac_cv_header_stdlib_h=yes
ac_cv_header_string_h=yes
ac_cv_header_strings_h=yes
ac_cv_header_sys_procfs_h=no
ac_cv_header_sys_stat_h=yes
ac_cv_header_sys_types_h=yes
ac_cv_header_tcl_h=yes
ac_cv_header_tk_h=yes
ac_cv_header_unistd_h=yes
ac_cv_lib_GLU___gluDisk=yes
ac_cv_lib_GL___glClear=yes
ac_cv_lib_ICE_IceConnectionNumber=yes
ac_cv_lib_Xi___main=yes
ac_cv_lib_Xmu___main=yes
ac_cv_lib_c___main=yes
ac_cv_lib_glut___glutInit=yes
ac_cv_lib_jpeg___jpeg_start_compress=yes
ac_cv_lib_m___main=yes
ac_cv_lib_python2_7___Py_Initialize=yes
ac_cv_lib_util___main=yes
ac_cv_objext=o
ac_cv_path_install='/usr/bin/install -c'
ac_cv_prog_CPP='gcc -E'
ac_cv_prog_ac_ct_CC=gcc
ac_cv_prog_ac_ct_CXX=g++
ac_cv_prog_cc_g=yes
ac_cv_prog_cc_stdc=
ac_cv_prog_cxx_g=yes
ac_cv_prog_egrep='grep -E'
ac_cv_prog_f77_g=no
ac_cv_prog_make_make_set=yes
ac_cv_sizeof_INT=4
ac_cv_sizeof_INTMAX_T=8
ac_cv_sizeof_INTPTR_T=8
ac_cv_sizeof_LONG_INT=8
ac_cv_sizeof_LONG_LONG_INT=8
ac_cv_sizeof_PTRDIFF_T=8
ac_cv_sizeof_SIZE_T=8
ac_cv_sizeof_VOID_P=8
ac_cv_type_INT=yes
ac_cv_type_INTMAX_T=yes
ac_cv_type_INTPTR_T=yes
ac_cv_type_LONG_INT=yes
ac_cv_type_LONG_LONG_INT=yes
ac_cv_type_PTRDIFF_T=yes
ac_cv_type_SIZE_T=yes
ac_cv_type_VOID_P=yes
ac_cv_type_pid_t=yes
ac_cv_type_signal=void
ac_cv_type_size_t=yes
gom4_cv_CC_depmode=gcc3
gom4_cv_CXX_depmode=gcc3
gom4_cv_GOM_DEFINE_OS_NAME=Darwin
gom4_cv_PY_INC_DIR=/System/Library/Frameworks/Python.framework/Versions/2.7/include/python2.7
gom4_cv_PY_LIBS='-ldl  -framework CoreFoundation '
gom4_cv_PY_LIB_DIR_SH=/System/Library/Frameworks/Python.framework/Versions/2.7/lib
gom4_cv_PY_LIB_DIR_ST=/System/Library/Frameworks/Python.framework/Versions/2.7/lib/python2.7/config
gom4_cv_PY_VERSION=2.7
gom4_cv_Tcl_CPPFLAGS=-I/usr/local/include
gom4_cv_Tcl_config=/usr/local/lib/tclConfig.sh
gom4_cv_Tk_CPPFLAGS=-I/usr/local/include
gom4_cv_Tk_config=/usr/local/lib/tkConfig.sh
gom4_cv__GOM_FUNC_C99_PRINTF=yes
gom4_cv_lib__ok=yes
gom4_cv_prog_PYTHON=python
gom4_cv_prog_TCLSH=tclsh8.6
gom4_cv_python_have_sysconfig=yes
gom4_cv_scanf_mod=yes

## ----------------- ##
## Output variables. ##
## ----------------- ##

ALL_CFLAGS='${COMMON_CFLAGS} ${PY_CFLAGS} ${JPEG_CFLAGS} ${GLUT_CFLAGS} ${GLU_CFLAGS} ${GL_CFLAGS} ${TK_CFLAGS} ${X11_CFLAGS} ${TCL_CFLAGS} ${COMMON_CFLAGS} ${STD_CFLAGS}  ${CFLAGS}'
ALL_CPPFLAGS='${COMMON_CPPFLAGS} ${PY_CPPFLAGS} ${JPEG_CPPFLAGS} ${GLUT_CPPFLAGS} ${GLU_CPPFLAGS} ${GL_CPPFLAGS} ${TK_CPPFLAGS} ${X11_CPPFLAGS} ${TCL_CPPFLAGS} ${COMMON_CPPFLAGS} ${STD_CPPFLAGS}  ${CPPFLAGS}'
ALL_CXXFLAGS='${COMMON_CXXFLAGS} ${PY_CXXFLAGS} ${JPEG_CXXFLAGS} ${GLUT_CXXFLAGS} ${GLU_CXXFLAGS} ${GL_CXXFLAGS} ${TK_CXXFLAGS} ${X11_CXXFLAGS} ${TCL_CXXFLAGS} ${COMMON_CXXFLAGS} ${STD_CXXFLAGS}  ${CXXFLAGS}'
ALL_DEFS='${COMMON_DEFS} ${PY_DEFS} ${JPEG_DEFS} ${GLUT_DEFS} ${GLU_DEFS} ${GL_DEFS} ${TK_DEFS} ${X11_DEFS} ${TCL_DEFS} ${COMMON_DEFS} ${STD_DEFS}  -DHAVE_CONFIG_H ${DEFS}'
ALL_FFLAGS='${COMMON_FFLAGS} ${PY_FFLAGS} ${JPEG_FFLAGS} ${GLUT_FFLAGS} ${GLU_FFLAGS} ${GL_FFLAGS} ${TK_FFLAGS} ${X11_FFLAGS} ${TCL_FFLAGS} ${COMMON_FFLAGS} ${STD_FFLAGS}  ${FFLAGS}'
ALL_LDFLAGS='${COMMON_LDFLAGS} ${PY_LDFLAGS} ${JPEG_LDFLAGS} ${GLUT_LDFLAGS} ${GLU_LDFLAGS} ${GL_LDFLAGS} ${TK_LDFLAGS} ${X11_LDFLAGS} ${TCL_LDFLAGS} ${COMMON_LDFLAGS} ${STD_LDFLAGS}  ${LDFLAGS}'
ALL_LIBS='${COMMON_LIBS} ${PY_LIBS} ${JPEG_LIBS} ${GLUT_LIBS} ${GLU_LIBS} ${GL_LIBS} ${TK_LIBS} ${X11_LIBS} ${TCL_LIBS} ${COMMON_LIBS} ${STD_LIBS}  ${LIBS}'
ALL_LTLDFLAGS='${COMMON_LTLDFLAGS} ${PY_LTLDFLAGS} ${JPEG_LTLDFLAGS} ${GLUT_LTLDFLAGS} ${GLU_LTLDFLAGS} ${GL_LTLDFLAGS} ${TK_LTLDFLAGS} ${X11_LTLDFLAGS} ${TCL_LTLDFLAGS} ${COMMON_LTLDFLAGS} ${STD_LTLDFLAGS}  ${LTLDFLAGS}'
AR=''
ARSUFFIX='a'
BUILDTARGET='dynamic'
CC='gcc'
CCDEPCOMP='$(CCDEPMODE) $(DEPCOMP)'
CCDEPMODE='depmode=gcc3'
CCTAGS='--tag=disable-shared'
CFLAGS='           -g -O2'
COMMON_CFLAGS=''
COMMON_CPPFLAGS=''
COMMON_CXXFLAGS=''
COMMON_DEFS=''
COMMON_FFLAGS=''
COMMON_LDFLAGS=''
COMMON_LIBS=''
COMMON_LTLDFLAGS=''
CPP='gcc -E'
CPPFLAGS=' -I/System/Library/Frameworks/Python.framework/Versions/2.7/include/python2.7     -I/usr/local/include  -I/opt/X11/include/  -I/usr/local/include    '
CXX='g++'
CXXCPP=''
CXXDEPCOMP='$(CXXDEPMODE) $(DEPCOMP)'
CXXDEPMODE='depmode=gcc3'
CXXFLAGS='           -g -O2'
DEFS='-DHAVE_CONFIG_H'
ECHO='/bin/echo'
ECHO_C='ECHO_N=''
ECHO_T=''
EGREP='grep -E'
EXEEXT=''
F77=''
FFLAGS='           '
GLUT_CFLAGS=''
GLUT_CPPFLAGS=''
GLUT_CXXFLAGS=''
GLUT_DEFS=''
GLUT_FFLAGS=''
GLUT_LDFLAGS=''
GLUT_LIBS='-lglut '
GLUT_LTLDFLAGS=''
GLU_CFLAGS=''
GLU_CPPFLAGS=''
GLU_CXXFLAGS=''
GLU_DEFS=''
GLU_FFLAGS=''
GLU_LDFLAGS=''
GLU_LIBS='-lGLU '
GLU_LTLDFLAGS=''
GL_CFLAGS=''
GL_CPPFLAGS=''
GL_CXXFLAGS=''
GL_DEFS=''
GL_FFLAGS=''
GL_LDFLAGS=''
GL_LIBS='-lGL '
GL_LTLDFLAGS=''
INSTALL_DATA='${INSTALL} -m 644'
INSTALL_PROGRAM='${INSTALL}'
INSTALL_SCRIPT='${INSTALL}'
JPEG_CFLAGS=''
JPEG_CPPFLAGS=''
JPEG_CXXFLAGS=''
JPEG_DEFS=''
JPEG_FFLAGS=''
JPEG_LDFLAGS=''
JPEG_LIBS='-ljpeg '
JPEG_LTLDFLAGS=''
LDFLAGS=' -L/System/Library/Frameworks/Python.framework/Versions/2.7/lib -L/System/Library/Frameworks/Python.framework/Versions/2.7/lib/python2.7/config      -L/usr/local/lib  -L/opt/X11/lib/  -L/usr/local/lib   '
LIBOBJS=''
LIBS=' -lpython2.7  -ljpeg  -lglut  -lGLU  -lGL   -ltk8.6 -lXmu -lXi  -lSM -lICE -lX11   -ltcl8.6  -lutil -lm -lc  '
LIBTOOL='$(SHELL) $(top_builddir)/libtool'
LN_S='ln -s'
LTLDFLAGS='  -R/System/Library/Frameworks/Python.framework/Versions/2.7/lib -R/System/Library/Frameworks/Python.framework/Versions/2.7/lib/python2.7/config      -R/usr/local/lib   -R/usr/local/lib   '
LTLIBOBJS=''
OBJEXT='o'
OS_DEFS='-DOS_NAME='"Darwin"''
PACKAGE_BUGREPORT=''
PACKAGE_NAME='gOpenMol'
PACKAGE_STRING='gOpenMol 3.00'
PACKAGE_TARNAME='gopenmol'
PACKAGE_VERSION='3.00'
PATH_SEPARATOR=':'
PYTHON='python'
PY_CFLAGS=''
PY_CPPFLAGS='-I/System/Library/Frameworks/Python.framework/Versions/2.7/include/python2.7'
PY_CXXFLAGS=''
PY_DEFS=''
PY_FFLAGS=''
PY_LDFLAGS='-L/System/Library/Frameworks/Python.framework/Versions/2.7/lib -L/System/Library/Frameworks/Python.framework/Versions/2.7/lib/python2.7/config'
PY_LIBS='-lpython2.7 '
PY_LTLDFLAGS=' -R/System/Library/Frameworks/Python.framework/Versions/2.7/lib -R/System/Library/Frameworks/Python.framework/Versions/2.7/lib/python2.7/config'
RANLIB=''
SET_MAKE=''
SHELL='/bin/sh'
STD_CFLAGS=''
STD_CPPFLAGS=''
STD_CXXFLAGS=''
STD_DEFS=''
STD_FFLAGS=''
STD_LDFLAGS=''
STD_LIBS='-lutil -lm -lc '
STD_LTLDFLAGS=''
STRIP=''
TCLSH='tclsh8.6'
TCL_CFLAGS=''
TCL_CPPFLAGS='-I/usr/local/include '
TCL_CXXFLAGS=''
TCL_DEFS='-DPACKAGE_NAME=\"tcl\" -DPACKAGE_TARNAME=\"tcl\" -DPACKAGE_VERSION=\"8.6\" -DPACKAGE_STRING=\"tcl\ 8.6\" -DPACKAGE_BUGREPORT=\"\" -DSTDC_HEADERS=1 -DHAVE_SYS_TYPES_H=1 -DHAVE_SYS_STAT_H=1 -DHAVE_STDLIB_H=1 -DHAVE_STRING_H=1 -DHAVE_MEMORY_H=1 -DHAVE_STRINGS_H=1 -DHAVE_INTTYPES_H=1 -DHAVE_STDINT_H=1 -DHAVE_UNISTD_H=1 -DNO_VALUES_H=1 -DHAVE_LIMITS_H=1 -DHAVE_SYS_PARAM_H=1 -DUSE_THREAD_ALLOC=1 -D_REENTRANT=1 -D_THREAD_SAFE=1 -DHAVE_PTHREAD_ATTR_SETSTACKSIZE=1 -DTCL_THREADS=1 -DTCL_CFGVAL_ENCODING=\"iso8859-1\" -DHAVE_ZLIB=1 -DMODULE_SCOPE=extern -DMAC_OSX_TCL=1 -DHAVE_COREFOUNDATION=1 -DTCL_CFG_DO64BIT=1 -DHAVE_CAST_TO_UNION=1 -DTCL_SHLIB_EXT=\".dylib\" -DNDEBUG=1 -DTCL_CFG_OPTIMIZED=1 -DTCL_TOMMATH=1 -DMP_PREC=4 -DTCL_WIDE_INT_IS_LONG=1 -DHAVE_GETCWD=1 -DHAVE_MKSTEMP=1 -DHAVE_OPENDIR=1 -DHAVE_STRTOL=1 -DHAVE_WAITPID=1 -DHAVE_GETNAMEINFO=1 -DHAVE_GETADDRINFO=1 -DHAVE_FREEADDRINFO=1 -DHAVE_GAI_STRERROR=1 -DHAVE_STRUCT_ADDRINFO=1 -DHAVE_STRUCT_IN6_ADDR=1 -DHAVE_STRUCT_SOCKADDR_IN6=1 -DHAVE_STRUCT_SOCKADDR_STORAGE=1 -DHAVE_GETPWUID_R_5=1 -DHAVE_GETPWUID_R=1 -DHAVE_GETPWNAM_R_5=1 -DHAVE_GETPWNAM_R=1 -DHAVE_GETGRGID_R_5=1 -DHAVE_GETGRGID_R=1 -DHAVE_GETGRNAM_R_5=1 -DHAVE_GETGRNAM_R=1 -DHAVE_MTSAFE_GETHOSTBYNAME=1 -DHAVE_MTSAFE_GETHOSTBYADDR=1 -DUSE_TERMIOS=1 -DHAVE_SYS_TIME_H=1 -DTIME_WITH_SYS_TIME=1 -DHAVE_GMTIME_R=1 -DHAVE_LOCALTIME_R=1 -DHAVE_MKTIME=1 -DHAVE_TM_GMTOFF=1 -DHAVE_TIMEZONE_VAR=1 -DHAVE_STRUCT_STAT_ST_BLOCKS=1 -DHAVE_STRUCT_STAT_ST_BLKSIZE=1 -DHAVE_BLKCNT_T=1 -DHAVE_INTPTR_T=1 -DHAVE_UINTPTR_T=1 -DHAVE_SIGNED_CHAR=1 -DHAVE_LANGINFO=1 -DHAVE_CHFLAGS=1 -DHAVE_MKSTEMPS=1 -DHAVE_GETATTRLIST=1 -DHAVE_COPYFILE_H=1 -DHAVE_COPYFILE=1 -DHAVE_LIBKERN_OSATOMIC_H=1 -DHAVE_OSSPINLOCKLOCK=1 -DHAVE_PTHREAD_ATFORK=1 -DUSE_VFORK=1 -DTCL_DEFAULT_ENCODING=\"utf-8\" -DTCL_LOAD_FROM_MEMORY=1 -DTCL_WIDE_CLICKS=1 -DHAVE_AVAILABILITYMACROS_H=1 -DHAVE_WEAK_IMPORT=1 -D_DARWIN_C_SOURCE=1 -DHAVE_FTS=1 -DHAVE_SYS_IOCTL_H=1 -DHAVE_SYS_FILIO_H=1 -DTCL_UNLOAD_DLLS=1 -DHAVE_CPUID=1 '
TCL_FFLAGS=''
TCL_LDFLAGS=' -L/usr/local/lib'
TCL_LIBRARY='/Library/Frameworks/Tcl.framework/Versions/8.6/Resources/'
TCL_LIBS=' -ltcl8.6'
TCL_LTLDFLAGS=' -R/usr/local/lib'
TK_CFLAGS=''
TK_CPPFLAGS='-I/usr/local/include '
TK_CXXFLAGS=''
TK_DEFS='-DPACKAGE_NAME=\"tk\" -DPACKAGE_TARNAME=\"tk\" -DPACKAGE_VERSION=\"8.6\" -DPACKAGE_STRING=\"tk\ 8.6\" -DPACKAGE_BUGREPORT=\"\" -DSTDC_HEADERS=1 -DHAVE_SYS_TYPES_H=1 -DHAVE_SYS_STAT_H=1 -DHAVE_STDLIB_H=1 -DHAVE_STRING_H=1 -DHAVE_MEMORY_H=1 -DHAVE_STRINGS_H=1 -DHAVE_INTTYPES_H=1 -DHAVE_STDINT_H=1 -DHAVE_UNISTD_H=1 -DHAVE_LIMITS_H=1 -DUSE_THREAD_ALLOC=1 -D_REENTRANT=1 -D_THREAD_SAFE=1 -DHAVE_PTHREAD_ATTR_SETSTACKSIZE=1 -DTCL_THREADS=1 -DMODULE_SCOPE=extern -DMAC_OSX_TCL=1 -DHAVE_COREFOUNDATION=1 -DTCL_CFG_DO64BIT=1 -DHAVE_CAST_TO_UNION=1 -DTCL_SHLIB_EXT=\".dylib\" -DNDEBUG=1 -DTCL_CFG_OPTIMIZED=1 -DTCL_WIDE_INT_IS_LONG=1 -DHAVE_SYS_TIME_H=1 -DTIME_WITH_SYS_TIME=1 -DHAVE_INTPTR_T=1 -DHAVE_UINTPTR_T=1 -DHAVE_PW_GECOS=1 -DHAVE_AVAILABILITYMACROS_H=1 -DHAVE_WEAK_IMPORT=1 -D_DARWIN_C_SOURCE=1 -DHAVE_XSS=1 -DHAVE_LIBXFT=1 -DHAVE_XFT=1 '
TK_FFLAGS=''
TK_LDFLAGS=' -L/usr/local/lib'
TK_LIBRARY='/Library/Frameworks/Tcl.framework/Versions/8.6/Resources/'
TK_LIBS=' -ltk8.6'
TK_LTLDFLAGS=' -R/usr/local/lib'
USER_CFLAGS='-g -O2'
USER_CPPFLAGS=''
USER_CXXFLAGS='-g -O2'
USER_DEFS=''
USER_FFLAGS=''
USER_LDFLAGS=''
USER_LIBS=''
USER_LTLDFLAGS=''
X11_CFLAGS=''
X11_CPPFLAGS='-I/opt/X11/include/ '
X11_CXXFLAGS=''
X11_DEFS=''
X11_FFLAGS=''
X11_LDFLAGS=' -L/opt/X11/lib/'
X11_LIBS='-lXmu -lXi  -lSM -lICE -lX11 '
X11_LTLDFLAGS=''
X_CFLAGS=' -I/opt/X11/include/'
X_EXTRA_LIBS=''
X_LIBS=' -L/opt/X11/lib/'
X_PRE_LIBS=' -lSM -lICE'
ac_ct_AR=''
ac_ct_CC='gcc'
ac_ct_CXX='g++'
ac_ct_F77=''
ac_ct_RANLIB=''
ac_ct_STRIP=''
bindir='${exec_prefix}/bin'
build=''
build_alias=''
build_cpu=''
build_os=''
build_vendor=''
datadir='${prefix}/share'
exec_prefix='${prefix}'
gom4__GOM_CHECK_WORKING_PROG_VER_prog='/usr/bin/python'
gomsubdir='gOpenMol-3.00'
host=''
host_alias=''
host_cpu=''
host_os=''
host_vendor=''
includedir='${prefix}/include'
infodir='${prefix}/info'
libdir='${exec_prefix}/lib'
libexecdir='${exec_prefix}/libexec'
localstatedir='${prefix}/var'
make_config='non-gmake'
mandir='${prefix}/man'
oldincludedir='/usr/include'
prefix='/usr/local'
program_transform_name='s,x,x,'
sbindir='${exec_prefix}/sbin'
sharedstatedir='${prefix}/com'
sysconfdir='${prefix}/etc'
target_alias=''

## ----------- ##
## confdefs.h. ##
## ----------- ##

#define ENABLE_EXTENSIONS
#define ENABLE_GRAPHICS
#define GOMLIB
#define HAVE_ASPRINTF 1
#define HAVE_C99_XPRINTF
#define HAVE_C99_XSCANF
#define HAVE_GETCWD 1
#define HAVE_GETRUSAGE 1
#define HAVE_INTTYPES_H 1
#define HAVE_LIBGL 1
#define HAVE_LIBGLU 1
#define HAVE_LIBGLUT 1
#define HAVE_LIBJPEG 1
#define HAVE_LIBPYTHON 1
#define HAVE_LIBTCL 1
#define HAVE_LIBTK 1
#define HAVE_MEMORY_H 1
#define HAVE_NEARBYINT 1
#define HAVE_STDINT_H 1
#define HAVE_STDLIB_H 1
#define HAVE_STRINGS_H 1
#define HAVE_STRING_H 1
#define HAVE_SYS_STAT_H 1
#define HAVE_SYS_TYPES_H 1
#define HAVE_UNISTD_H 1
#define HAVE_VASPRINTF 1
#define NDEBUG
#define PACKAGE_BUGREPORT ""
#define PACKAGE_NAME "gOpenMol"
#define PACKAGE_STRING "gOpenMol 3.00"
#define PACKAGE_TARNAME "gopenmol"
#define PACKAGE_VERSION "3.00"
#define RETSIGTYPE void
#define SIZEOF_INT 4
#define SIZEOF_INTMAX_T 8
#define SIZEOF_INTPTR_T 8
#define SIZEOF_LONG_INT 8
#define SIZEOF_LONG_LONG_INT 8
#define SIZEOF_PTRDIFF_T 8
#define SIZEOF_SIZE_T 8
#define SIZEOF_VOID_P 8
#define STDC_HEADERS 1
#endif
#ifdef __cplusplus
#include <stdlib.h>

configure: exit 0
